2024-09-11T20:54:46.539Z [error]: Error: data and salt arguments required
    at Object.hash (C:\Users\USER PC\Documents\SANE_LABS\boilerplates\express_ts_app\node_modules\bcrypt\bcrypt.js:137:17)
    at C:\Users\USER PC\Documents\SANE_LABS\boilerplates\express_ts_app\node_modules\bcrypt\promises.js:29:12
    at new Promise (<anonymous>)
    at Object.module.exports.promise (C:\Users\USER PC\Documents\SANE_LABS\boilerplates\express_ts_app\node_modules\bcrypt\promises.js:20:12)
    at Object.hash (C:\Users\USER PC\Documents\SANE_LABS\boilerplates\express_ts_app\node_modules\bcrypt\bcrypt.js:133:25)
    at AuthService.<anonymous> (C:\Users\USER PC\Documents\SANE_LABS\boilerplates\express_ts_app\src\services\authService.ts:24:41)
    at Generator.next (<anonymous>)
    at C:\Users\USER PC\Documents\SANE_LABS\boilerplates\express_ts_app\src\services\authService.ts:8:71
    at new Promise (<anonymous>)
    at __awaiter (C:\Users\USER PC\Documents\SANE_LABS\boilerplates\express_ts_app\src\services\authService.ts:4:12)
2024-09-11T20:54:48.364Z [error]: Error: data and salt arguments required
    at Object.hash (C:\Users\USER PC\Documents\SANE_LABS\boilerplates\express_ts_app\node_modules\bcrypt\bcrypt.js:137:17)
    at C:\Users\USER PC\Documents\SANE_LABS\boilerplates\express_ts_app\node_modules\bcrypt\promises.js:29:12
    at new Promise (<anonymous>)
    at Object.module.exports.promise (C:\Users\USER PC\Documents\SANE_LABS\boilerplates\express_ts_app\node_modules\bcrypt\promises.js:20:12)
    at Object.hash (C:\Users\USER PC\Documents\SANE_LABS\boilerplates\express_ts_app\node_modules\bcrypt\bcrypt.js:133:25)
    at AuthService.<anonymous> (C:\Users\USER PC\Documents\SANE_LABS\boilerplates\express_ts_app\src\services\authService.ts:24:41)
    at Generator.next (<anonymous>)
    at C:\Users\USER PC\Documents\SANE_LABS\boilerplates\express_ts_app\src\services\authService.ts:8:71
    at new Promise (<anonymous>)
    at __awaiter (C:\Users\USER PC\Documents\SANE_LABS\boilerplates\express_ts_app\src\services\authService.ts:4:12)
2024-09-11T20:56:27.082Z [error]: Error: enter username or password
    at AuthController.<anonymous> (C:\Users\USER PC\Documents\SANE_LABS\boilerplates\express_ts_app\src\controllers\authController.ts:14:32)
    at Generator.next (<anonymous>)
    at C:\Users\USER PC\Documents\SANE_LABS\boilerplates\express_ts_app\src\controllers\authController.ts:8:71
    at new Promise (<anonymous>)
    at __awaiter (C:\Users\USER PC\Documents\SANE_LABS\boilerplates\express_ts_app\src\controllers\authController.ts:4:12)
    at AuthController.register (C:\Users\USER PC\Documents\SANE_LABS\boilerplates\express_ts_app\src\controllers\authController.ts:12:52)
    at C:\Users\USER PC\Documents\SANE_LABS\boilerplates\express_ts_app\src\utils\errorHandler.ts:24:21
    at Layer.handle [as handle_request] (C:\Users\USER PC\Documents\SANE_LABS\boilerplates\express_ts_app\node_modules\express\lib\router\layer.js:95:5)
    at next (C:\Users\USER PC\Documents\SANE_LABS\boilerplates\express_ts_app\node_modules\express\lib\router\route.js:149:13)
    at Route.dispatch (C:\Users\USER PC\Documents\SANE_LABS\boilerplates\express_ts_app\node_modules\express\lib\router\route.js:119:3)
